#
# A fatal error has been detected by the Java Runtime Environment:
#
#  EXCEPTION_ACCESS_VIOLATION (0xc0000005) at pc=0x0000000063426176, pid=8460, tid=0x0000000000002f40
#
# JRE version: Java(TM) SE Runtime Environment (8.0_191-b12) (build 1.8.0_191-b12)
# Java VM: Java HotSpot(TM) 64-Bit Server VM (25.191-b12 mixed mode windows-amd64 compressed oops)
# Problematic frame:
# V  [jvm.dll+0x406176]
#
# Failed to write core dump. Minidumps are not enabled by default on client versions of Windows
#
# If you would like to submit a bug report, please visit:
#   http://bugreport.java.com/bugreport/crash.jsp
#

---------------  T H R E A D  ---------------

Current thread (0x0000000002a02000):  GCTaskThread [stack: 0x0000000012de0000,0x0000000012ee0000] [id=12096]

siginfo: ExceptionCode=0xc0000005, reading address 0xffffffffffffffff

Registers:
RAX=0x000000006367b488, RBX=0xfffefcfefffefcfe, RCX=0x0000000012edf560, RDX=0xfffefcfefffefcfe
RSP=0x0000000012edf4b0, RBP=0x0000000000000000, RSI=0x0000000012edf560, RDI=0x000000001c4b7d50
R8 =0x00000007c04e9d90, R9 =0x0000000000000005, R10=0x0000000d00000000, R11=0x000000006367b3d0
R12=0x0000000012edf530, R13=0x00000000029f5a40, R14=0x0000000002a023e0, R15=0x0000000002a023f0
RIP=0x0000000063426176, EFLAGS=0x0000000000010202

Top of Stack: (sp=0x0000000012edf4b0)
0x0000000012edf4b0:   0000000012edf560 0000000000000000
0x0000000012edf4c0:   0000000000000000 000000001ffa92d0
0x0000000012edf4d0:   fffefcfefffefcfe 0000000063082e2c
0x0000000012edf4e0:   0000000000000000 0000000000000000
0x0000000012edf4f0:   000000001c4b7d50 0000000012edf560
0x0000000012edf500:   000000006367b120 00000000634263a3
0x0000000012edf510:   0000000029e3c060 0000000012edf590
0x0000000012edf520:   0000000000000000 0000000002adb180
0x0000000012edf530:   000000006367b240 0000000063426400
0x0000000012edf540:   0000000002adb180 000000006367b498
0x0000000012edf550:   0000000002a02000 0000000002adb180
0x0000000012edf560:   000000006367b488 00000000029fa700
0x0000000012edf570:   000000006367b3d0 0000000063414700
0x0000000012edf580:   0000000002adb180 0000000000000000
0x0000000012edf590:   0000000029e3c060 0000000002a02000
0x0000000012edf5a0:   0000000000000000 00000000634154ce 

Instructions: (pc=0x0000000063426176)
0x0000000063426156:   0d 95 52 25 00 ba 83 00 00 00 e8 1b 19 e7 ff 48
0x0000000063426166:   83 c4 28 e9 52 24 e9 ff cc cc 40 53 48 83 ec 20
0x0000000063426176:   80 ba c0 00 00 00 01 4c 8b c2 48 8b d9 75 23 c6
0x0000000063426186:   82 c0 00 00 00 00 48 89 51 28 48 8b 02 48 8d 51 


Register to memory mapping:

RAX=0x000000006367b488 is an unknown value
RBX=0xfffefcfefffefcfe is an unknown value
RCX=0x0000000012edf560 is an unknown value
RDX=0xfffefcfefffefcfe is an unknown value
RSP=0x0000000012edf4b0 is an unknown value
RBP=0x0000000000000000 is an unknown value
RSI=0x0000000012edf560 is an unknown value
RDI=0x000000001c4b7d50 is an unknown value
R8 =0x00000007c04e9d90 is pointing into metadata
R9 =0x0000000000000005 is an unknown value
R10=0x0000000d00000000 is an unknown value
R11=0x000000006367b3d0 is an unknown value
R12=0x0000000012edf530 is an unknown value
R13=0x00000000029f5a40 is an unknown value
R14=0x0000000002a023e0 is an unknown value
R15=0x0000000002a023f0 is an unknown value


Stack: [0x0000000012de0000,0x0000000012ee0000],  sp=0x0000000012edf4b0,  free space=1021k
Native frames: (J=compiled Java code, j=interpreted, Vv=VM code, C=native code)


---------------  P R O C E S S  ---------------

Java Threads: ( => current thread )
  0x0000000021f86000 JavaThread "logback-2" daemon [_thread_blocked, id=20144, stack(0x0000000000cb0000,0x0000000000db0000)]
  0x00000000205f7000 JavaThread "XNIO-2 task-64" [_thread_blocked, id=18148, stack(0x0000000032d30000,0x0000000032e30000)]
  0x00000000205f7800 JavaThread "XNIO-2 task-63" [_thread_blocked, id=18232, stack(0x0000000032c30000,0x0000000032d30000)]
  0x00000000205fa800 JavaThread "XNIO-2 task-62" [_thread_blocked, id=8276, stack(0x0000000032b30000,0x0000000032c30000)]
  0x00000000205fa000 JavaThread "XNIO-2 task-61" [_thread_blocked, id=14404, stack(0x0000000032a30000,0x0000000032b30000)]
  0x00000000205ee800 JavaThread "XNIO-2 task-60" [_thread_blocked, id=9232, stack(0x0000000032930000,0x0000000032a30000)]
  0x00000000205f5800 JavaThread "XNIO-2 task-59" [_thread_blocked, id=5672, stack(0x0000000032830000,0x0000000032930000)]
  0x00000000205f0000 JavaThread "XNIO-2 task-58" [_thread_blocked, id=17616, stack(0x0000000032730000,0x0000000032830000)]
  0x00000000205ee000 JavaThread "XNIO-2 task-57" [_thread_blocked, id=1660, stack(0x0000000032630000,0x0000000032730000)]
  0x00000000205f4800 JavaThread "XNIO-2 task-56" [_thread_blocked, id=17644, stack(0x0000000032530000,0x0000000032630000)]
  0x00000000205f4000 JavaThread "XNIO-2 task-55" [_thread_blocked, id=16540, stack(0x0000000032430000,0x0000000032530000)]
  0x00000000205f1000 JavaThread "XNIO-2 task-54" [_thread_blocked, id=17568, stack(0x0000000032330000,0x0000000032430000)]
  0x00000000205f3000 JavaThread "XNIO-2 task-53" [_thread_blocked, id=12948, stack(0x0000000032230000,0x0000000032330000)]
  0x00000000205f1800 JavaThread "XNIO-2 task-52" [_thread_blocked, id=8204, stack(0x0000000032130000,0x0000000032230000)]
  0x00000000205ef800 JavaThread "XNIO-2 task-51" [_thread_blocked, id=14104, stack(0x0000000032030000,0x0000000032130000)]
  0x00000000205f2800 JavaThread "XNIO-2 task-50" [_thread_blocked, id=18176, stack(0x0000000031f30000,0x0000000032030000)]
  0x00000000297b2000 JavaThread "XNIO-2 task-49" [_thread_blocked, id=18160, stack(0x0000000031e30000,0x0000000031f30000)]
  0x00000000297b1000 JavaThread "XNIO-2 task-47" [_thread_blocked, id=16280, stack(0x0000000031d30000,0x0000000031e30000)]
  0x00000000297b0800 JavaThread "XNIO-2 task-48" [_thread_blocked, id=17556, stack(0x0000000031c30000,0x0000000031d30000)]
  0x00000000297af000 JavaThread "XNIO-2 task-46" [_thread_blocked, id=6116, stack(0x0000000031b30000,0x0000000031c30000)]
  0x00000000297b2800 JavaThread "XNIO-2 task-45" [_thread_blocked, id=14604, stack(0x0000000031a30000,0x0000000031b30000)]
  0x00000000297af800 JavaThread "XNIO-2 task-44" [_thread_blocked, id=15904, stack(0x0000000031930000,0x0000000031a30000)]
  0x00000000297a7800 JavaThread "XNIO-2 task-43" [_thread_blocked, id=4112, stack(0x0000000031830000,0x0000000031930000)]
  0x00000000297ae000 JavaThread "XNIO-2 task-42" [_thread_blocked, id=15880, stack(0x0000000031730000,0x0000000031830000)]
  0x00000000297a6800 JavaThread "XNIO-2 task-41" [_thread_blocked, id=17924, stack(0x0000000031630000,0x0000000031730000)]
  0x00000000297ad800 JavaThread "XNIO-2 task-40" [_thread_blocked, id=17932, stack(0x0000000031530000,0x0000000031630000)]
  0x00000000297a6000 JavaThread "XNIO-2 task-39" [_thread_blocked, id=16408, stack(0x0000000031430000,0x0000000031530000)]
  0x00000000297a8000 JavaThread "XNIO-2 task-38" [_thread_blocked, id=6256, stack(0x0000000031330000,0x0000000031430000)]
  0x00000000297a9000 JavaThread "XNIO-2 task-37" [_thread_blocked, id=16404, stack(0x0000000031230000,0x0000000031330000)]
  0x00000000297ac000 JavaThread "XNIO-2 task-36" [_thread_blocked, id=18132, stack(0x0000000031130000,0x0000000031230000)]
  0x00000000297ab000 JavaThread "XNIO-2 task-35" [_thread_blocked, id=17240, stack(0x0000000031030000,0x0000000031130000)]
  0x00000000297ac800 JavaThread "XNIO-2 task-34" [_thread_blocked, id=17236, stack(0x0000000030f30000,0x0000000031030000)]
  0x00000000297aa800 JavaThread "XNIO-2 task-33" [_thread_blocked, id=15564, stack(0x0000000030e30000,0x0000000030f30000)]
  0x00000000297a5000 JavaThread "XNIO-2 task-32" [_thread_blocked, id=17436, stack(0x0000000028e00000,0x0000000028f00000)]
  0x00000000297a9800 JavaThread "XNIO-2 task-31" [_thread_blocked, id=16512, stack(0x0000000030b30000,0x0000000030c30000)]
  0x00000000297a3800 JavaThread "XNIO-2 task-30" [_thread_blocked, id=17020, stack(0x0000000030a30000,0x0000000030b30000)]
  0x00000000297a4800 JavaThread "XNIO-2 task-29" [_thread_blocked, id=16576, stack(0x0000000030930000,0x0000000030a30000)]
  0x0000000022a3c800 JavaThread "XNIO-2 task-28" [_thread_blocked, id=16992, stack(0x0000000030830000,0x0000000030930000)]
  0x0000000022a3b000 JavaThread "XNIO-2 task-27" [_thread_blocked, id=13524, stack(0x0000000030730000,0x0000000030830000)]
  0x0000000022a3b800 JavaThread "XNIO-2 task-25" [_thread_blocked, id=17840, stack(0x0000000030630000,0x0000000030730000)]
  0x0000000022a3a000 JavaThread "XNIO-2 task-26" [_thread_blocked, id=15540, stack(0x0000000030530000,0x0000000030630000)]
  0x0000000022a32800 JavaThread "XNIO-2 task-24" [_thread_blocked, id=18320, stack(0x0000000030430000,0x0000000030530000)]
  0x0000000022a39800 JavaThread "XNIO-2 task-23" [_thread_blocked, id=16680, stack(0x0000000030330000,0x0000000030430000)]
  0x0000000022a32000 JavaThread "XNIO-2 task-22" [_thread_blocked, id=15668, stack(0x0000000030230000,0x0000000030330000)]
  0x0000000022a38800 JavaThread "XNIO-2 task-21" [_thread_blocked, id=16372, stack(0x0000000030130000,0x0000000030230000)]
  0x0000000022a31000 JavaThread "XNIO-2 task-20" [_thread_blocked, id=17496, stack(0x0000000030030000,0x0000000030130000)]
  0x0000000022a38000 JavaThread "XNIO-2 task-19" [_thread_blocked, id=17544, stack(0x000000002ff30000,0x0000000030030000)]
  0x0000000022a37000 JavaThread "XNIO-2 task-18" [_thread_blocked, id=17852, stack(0x000000002fe30000,0x000000002ff30000)]
  0x0000000022a2f800 JavaThread "XNIO-2 task-17" [_thread_blocked, id=17360, stack(0x000000002fd30000,0x000000002fe30000)]
  0x0000000022a36800 JavaThread "XNIO-2 task-16" [_thread_blocked, id=9280, stack(0x000000002fc30000,0x000000002fd30000)]
  0x0000000022a35800 JavaThread "XNIO-2 task-15" [_thread_blocked, id=7348, stack(0x000000002fb30000,0x000000002fc30000)]
  0x0000000022a33800 JavaThread "XNIO-2 task-14" [_thread_blocked, id=2568, stack(0x000000002fa30000,0x000000002fb30000)]
  0x0000000022a35000 JavaThread "XNIO-2 task-13" [_thread_blocked, id=17636, stack(0x000000002f930000,0x000000002fa30000)]
  0x0000000022a2f000 JavaThread "XNIO-2 task-12" [_thread_blocked, id=16944, stack(0x000000002f830000,0x000000002f930000)]
  0x0000000022a2e000 JavaThread "XNIO-2 task-11" [_thread_blocked, id=13748, stack(0x000000002f730000,0x000000002f830000)]
  0x0000000022a30800 JavaThread "XNIO-2 task-10" [_thread_blocked, id=18060, stack(0x000000002f630000,0x000000002f730000)]
  0x0000000022a2d800 JavaThread "XNIO-2 task-9" [_thread_blocked, id=17632, stack(0x000000002f530000,0x000000002f630000)]
  0x0000000022a34000 JavaThread "XNIO-2 task-8" [_thread_blocked, id=16964, stack(0x000000002f430000,0x000000002f530000)]
  0x0000000024be8000 JavaThread "XNIO-2 task-7" [_thread_blocked, id=16424, stack(0x000000002f330000,0x000000002f430000)]
  0x000000001f1ea800 JavaThread "XNIO-2 task-6" [_thread_blocked, id=18000, stack(0x000000002f230000,0x000000002f330000)]
  0x000000001f1eb000 JavaThread "XNIO-2 task-5" [_thread_blocked, id=17708, stack(0x000000002f130000,0x000000002f230000)]
  0x0000000024be7000 JavaThread "SimplePauseDetectorThread_0" daemon [_thread_blocked, id=17652, stack(0x000000002e2b0000,0x000000002e3b0000)]
  0x0000000024be8800 JavaThread "Thread-9" daemon [_thread_blocked, id=17648, stack(0x000000002e1b0000,0x000000002e2b0000)]
  0x0000000024be6800 JavaThread "XNIO-2 task-1" [_thread_blocked, id=17464, stack(0x000000002aef0000,0x000000002aff0000)]
  0x0000000024be9800 JavaThread "XNIO-2 task-3" [_thread_blocked, id=17460, stack(0x0000000020ba0000,0x0000000020ca0000)]
  0x0000000024bdf800 JavaThread "XNIO-2 task-2" [_thread_blocked, id=17456, stack(0x0000000000db0000,0x0000000000eb0000)]
  0x0000000024bdf000 JavaThread "XNIO-2 task-4" [_thread_blocked, id=17452, stack(0x0000000000bb0000,0x0000000000cb0000)]
  0x0000000024be5800 JavaThread "DestroyJavaVM" [_thread_blocked, id=16228, stack(0x00000000028a0000,0x00000000029a0000)]
  0x0000000024be5000 JavaThread "XNIO-2 Accept" [_thread_in_native, id=15988, stack(0x000000002ea30000,0x000000002eb30000)]
  0x0000000024be4000 JavaThread "XNIO-2 I/O-8" [_thread_in_native, id=16000, stack(0x000000002e930000,0x000000002ea30000)]
  0x0000000024be3800 JavaThread "XNIO-2 I/O-7" [_thread_in_native, id=16088, stack(0x000000002e830000,0x000000002e930000)]
  0x0000000024be2800 JavaThread "XNIO-2 I/O-6" [_thread_in_native, id=16084, stack(0x000000002e730000,0x000000002e830000)]
  0x0000000024bdb000 JavaThread "XNIO-2 I/O-5" [_thread_in_native, id=15384, stack(0x000000002e630000,0x000000002e730000)]
  0x0000000024be2000 JavaThread "XNIO-2 I/O-4" [_thread_in_native, id=11756, stack(0x000000002e530000,0x000000002e630000)]
  0x0000000024bde000 JavaThread "XNIO-2 I/O-3" [_thread_in_native, id=4928, stack(0x000000002e430000,0x000000002e530000)]
  0x0000000024bda800 JavaThread "XNIO-2 I/O-2" [_thread_in_native, id=2980, stack(0x000000002de70000,0x000000002df70000)]
  0x0000000024bdd800 JavaThread "XNIO-2 I/O-1" [_thread_in_native, id=14944, stack(0x000000002d980000,0x000000002da80000)]
  0x0000000024bdc000 JavaThread "pool-2-thread-1" [_thread_blocked, id=15740, stack(0x000000002ab10000,0x000000002ac10000)]
  0x0000000024be1000 JavaThread "File Watcher" daemon [_thread_blocked, id=10764, stack(0x000000002dd70000,0x000000002de70000)]
  0x0000000024bdc800 JavaThread "H2 TCP Server (tcp://192.168.0.15:9092)" [_thread_in_native, id=4712, stack(0x0000000028b00000,0x0000000028c00000)]
  0x000000001f1f1000 JavaThread "time-scheduler-app-Executor-1" [_thread_blocked, id=14636, stack(0x0000000028a00000,0x0000000028b00000)]
  0x000000001f1f0800 JavaThread "HikariPool-1 housekeeper" daemon [_thread_blocked, id=13884, stack(0x0000000028460000,0x0000000028560000)]
  0x000000001f1ef800 JavaThread "MVStore background writer nio:C:/Projects_private/TimeSchedulerApp/target/h2db/db/timeschedualerapp.mv.db" daemon [_thread_blocked, id=13604, stack(0x00000000241b0000,0x00000000242b0000)]
  0x000000001f1ef000 JavaThread "XNIO-1 Accept" daemon [_thread_in_native, id=12784, stack(0x0000000028600000,0x0000000028700000)]
  0x000000001f1ed800 JavaThread "XNIO-1 I/O-1" daemon [_thread_in_native, id=15876, stack(0x0000000024530000,0x0000000024630000)]
  0x000000001f1ec800 JavaThread "Abandoned connection cleanup thread" daemon [_thread_blocked, id=4640, stack(0x0000000023c80000,0x0000000023d80000)]
  0x0000000021a12000 JavaThread "logback-1" daemon [_thread_blocked, id=15556, stack(0x0000000020ca0000,0x0000000020da0000)]
  0x000000001e360000 JavaThread "Service Thread" daemon [_thread_blocked, id=11708, stack(0x000000001ef90000,0x000000001f090000)]
  0x000000001c4be000 JavaThread "C1 CompilerThread3" daemon [_thread_blocked, id=11676, stack(0x000000001ee90000,0x000000001ef90000)]
  0x000000001c4ba000 JavaThread "C2 CompilerThread2" daemon [_thread_blocked, id=11744, stack(0x000000001ed90000,0x000000001ee90000)]
  0x000000001e2cb800 JavaThread "C2 CompilerThread1" daemon [_thread_blocked, id=10980, stack(0x000000001ec90000,0x000000001ed90000)]
  0x000000001e2c8000 JavaThread "C2 CompilerThread0" daemon [_thread_blocked, id=15452, stack(0x000000001eb90000,0x000000001ec90000)]
  0x000000001e2c6800 JavaThread "Attach Listener" daemon [_thread_blocked, id=12808, stack(0x000000001ea90000,0x000000001eb90000)]
  0x000000001e2c5000 JavaThread "Signal Dispatcher" daemon [_thread_blocked, id=12616, stack(0x000000001e990000,0x000000001ea90000)]
  0x000000001c4b4000 JavaThread "Finalizer" daemon [_thread_blocked, id=14588, stack(0x000000001e790000,0x000000001e890000)]
  0x000000001e2b0800 JavaThread "Reference Handler" daemon [_thread_blocked, id=16180, stack(0x000000001e690000,0x000000001e790000)]

Other Threads:
  0x000000001c4a5800 VMThread [stack: 0x000000001e190000,0x000000001e290000] [id=15436]
  0x000000001e382800 WatcherThread [stack: 0x000000001f090000,0x000000001f190000] [id=15240]

=>0x0000000002a02000 (exited) GCTaskThread [stack: 0x0000000012de0000,0x0000000012ee0000] [id=12096]

VM state:at safepoint (normal execution)

VM Mutex/Monitor currently owned by a thread:  ([mutex/lock_event])
[0x00000000029e5870] Threads_lock - owner thread: 0x000000001c4a5800
[0x00000000029e5a70] Heap_lock - owner thread: 0x0000000024be1000

Heap:
 PSYoungGen      total 356864K, used 356800K [0x000000076b600000, 0x000000078c400000, 0x00000007c0000000)
  eden space 355328K, 100% used [0x000000076b600000,0x0000000781100000,0x0000000781100000)
  from space 1536K, 95% used [0x000000078c280000,0x000000078c3f0000,0x000000078c400000)
  to   space 19456K, 7% used [0x0000000789e00000,0x0000000789f60000,0x000000078b100000)
 ParOldGen       total 203776K, used 59791K [0x00000006c2200000, 0x00000006ce900000, 0x000000076b600000)
  object space 203776K, 29% used [0x00000006c2200000,0x00000006c5c63c50,0x00000006ce900000)
 Metaspace       used 90850K, capacity 95010K, committed 95104K, reserved 1132544K
  class space    used 11623K, capacity 12340K, committed 12416K, reserved 1048576K

Card table byte_map: [0x0000000011ea0000,0x0000000012690000] byte_map_base: 0x000000000e88f000

Marking Bits: (ParMarkBitMap*) 0x0000000063843e30
 Begin Bits: [0x00000000133e0000, 0x0000000017358000)
 End Bits:   [0x0000000017358000, 0x000000001b2d0000)

Polling page: 0x00000000009d0000

CodeCache: size=245760Kb used=44961Kb max_used=45573Kb free=200798Kb
 bounds [0x0000000002ae0000, 0x00000000057b0000, 0x0000000011ae0000]
 total_blobs=14194 nmethods=13545 adapters=558
 compilation: enabled

Compilation events (10 events):
Event: 171967.189 Thread 0x000000001c4be000 16691       3       org.h2.engine.Session::setAllowLiterals (6 bytes)
Event: 171967.189 Thread 0x000000001c4be000 nmethod 16691 0x0000000004ed9990 code [0x0000000004ed9ae0, 0x0000000004ed9c30]
Event: 172085.692 Thread 0x000000001c4be000 16692       3       java.lang.Thread::<init> (49 bytes)
Event: 172085.694 Thread 0x000000001c4be000 nmethod 16692 0x0000000004ee7f50 code [0x0000000004ee80e0, 0x0000000004ee8468]
Event: 172119.936 Thread 0x000000001c4be000 16693       3       java.lang.Thread::exit (51 bytes)
Event: 172119.936 Thread 0x000000001c4be000 nmethod 16693 0x0000000002cf56d0 code [0x0000000002cf5840, 0x0000000002cf5ae8]
Event: 172127.859 Thread 0x000000001c4be000 16694       3       com.zaxxer.hikari.util.UtilityElf$DefaultThreadFactory::newThread (23 bytes)
Event: 172127.860 Thread 0x000000001c4be000 nmethod 16694 0x00000000048e49d0 code [0x00000000048e4b80, 0x00000000048e5238]
Event: 172127.865 Thread 0x000000001c4be000 16695       3       sun.security.provider.SHA2::<init> (34 bytes)
Event: 172127.866 Thread 0x000000001c4be000 nmethod 16695 0x0000000004b5c350 code [0x0000000004b5c4e0, 0x0000000004b5cb08]

GC Heap History (10 events):
Event: 165162.444 GC heap after
Heap after GC invocations=29 (full 3):
 PSYoungGen      total 419328K, used 10128K [0x000000076b600000, 0x000000078ed80000, 0x00000007c0000000)
  eden space 409088K, 0% used [0x000000076b600000,0x000000076b600000,0x0000000784580000)
  from space 10240K, 98% used [0x000000078e380000,0x000000078ed64060,0x000000078ed80000)
  to   space 17920K, 0% used [0x000000078ca80000,0x000000078ca80000,0x000000078dc00000)
 ParOldGen       total 203776K, used 50707K [0x00000006c2200000, 0x00000006ce900000, 0x000000076b600000)
  object space 203776K, 24% used [0x00000006c2200000,0x00000006c5384d70,0x00000006ce900000)
 Metaspace       used 90821K, capacity 95004K, committed 95104K, reserved 1132544K
  class space    used 11619K, capacity 12339K, committed 12416K, reserved 1048576K
}
Event: 166801.441 GC heap before
{Heap before GC invocations=30 (full 3):
 PSYoungGen      total 419328K, used 419216K [0x000000076b600000, 0x000000078ed80000, 0x00000007c0000000)
  eden space 409088K, 100% used [0x000000076b600000,0x0000000784580000,0x0000000784580000)
  from space 10240K, 98% used [0x000000078e380000,0x000000078ed64060,0x000000078ed80000)
  to   space 17920K, 0% used [0x000000078ca80000,0x000000078ca80000,0x000000078dc00000)
 ParOldGen       total 203776K, used 50707K [0x00000006c2200000, 0x00000006ce900000, 0x000000076b600000)
  object space 203776K, 24% used [0x00000006c2200000,0x00000006c5384d70,0x00000006ce900000)
 Metaspace       used 90822K, capacity 95004K, committed 95104K, reserved 1132544K
  class space    used 11619K, capacity 12339K, committed 12416K, reserved 1048576K
Event: 166801.453 GC heap after
Heap after GC invocations=30 (full 3):
 PSYoungGen      total 404992K, used 10176K [0x000000076b600000, 0x000000078e400000, 0x00000007c0000000)
  eden space 394752K, 0% used [0x000000076b600000,0x000000076b600000,0x0000000783780000)
  from space 10240K, 99% used [0x000000078ca80000,0x000000078d470050,0x000000078d480000)
  to   space 15872K, 0% used [0x000000078d480000,0x000000078d480000,0x000000078e400000)
 ParOldGen       total 203776K, used 50715K [0x00000006c2200000, 0x00000006ce900000, 0x000000076b600000)
  object space 203776K, 24% used [0x00000006c2200000,0x00000006c5386d70,0x00000006ce900000)
 Metaspace       used 90822K, capacity 95004K, committed 95104K, reserved 1132544K
  class space    used 11619K, capacity 12339K, committed 12416K, reserved 1048576K
}
Event: 168438.932 GC heap before
{Heap before GC invocations=31 (full 3):
 PSYoungGen      total 404992K, used 404928K [0x000000076b600000, 0x000000078e400000, 0x00000007c0000000)
  eden space 394752K, 100% used [0x000000076b600000,0x0000000783780000,0x0000000783780000)
  from space 10240K, 99% used [0x000000078ca80000,0x000000078d470050,0x000000078d480000)
  to   space 15872K, 0% used [0x000000078d480000,0x000000078d480000,0x000000078e400000)
 ParOldGen       total 203776K, used 50715K [0x00000006c2200000, 0x00000006ce900000, 0x000000076b600000)
  object space 203776K, 24% used [0x00000006c2200000,0x00000006c5386d70,0x00000006ce900000)
 Metaspace       used 90822K, capacity 95004K, committed 95104K, reserved 1132544K
  class space    used 11619K, capacity 12339K, committed 12416K, reserved 1048576K
Event: 168438.945 GC heap after
Heap after GC invocations=31 (full 3):
 PSYoungGen      total 382976K, used 1888K [0x000000076b600000, 0x000000078d680000, 0x00000007c0000000)
  eden space 380928K, 0% used [0x000000076b600000,0x000000076b600000,0x0000000782a00000)
  from space 2048K, 92% used [0x000000078d480000,0x000000078d658000,0x000000078d680000)
  to   space 18432K, 0% used [0x000000078b280000,0x000000078b280000,0x000000078c480000)
 ParOldGen       total 203776K, used 58959K [0x00000006c2200000, 0x00000006ce900000, 0x000000076b600000)
  object space 203776K, 28% used [0x00000006c2200000,0x00000006c5b93c50,0x00000006ce900000)
 Metaspace       used 90822K, capacity 95004K, committed 95104K, reserved 1132544K
  class space    used 11619K, capacity 12339K, committed 12416K, reserved 1048576K
}
Event: 169939.224 GC heap before
{Heap before GC invocations=32 (full 3):
 PSYoungGen      total 382976K, used 382816K [0x000000076b600000, 0x000000078d680000, 0x00000007c0000000)
  eden space 380928K, 100% used [0x000000076b600000,0x0000000782a00000,0x0000000782a00000)
  from space 2048K, 92% used [0x000000078d480000,0x000000078d658000,0x000000078d680000)
  to   space 18432K, 0% used [0x000000078b280000,0x000000078b280000,0x000000078c480000)
 ParOldGen       total 203776K, used 58959K [0x00000006c2200000, 0x00000006ce900000, 0x000000076b600000)
  object space 203776K, 28% used [0x00000006c2200000,0x00000006c5b93c50,0x00000006ce900000)
 Metaspace       used 90823K, capacity 95004K, committed 95104K, reserved 1132544K
  class space    used 11619K, capacity 12339K, committed 12416K, reserved 1048576K
Event: 169939.230 GC heap after
Heap after GC invocations=32 (full 3):
 PSYoungGen      total 369152K, used 1536K [0x000000076b600000, 0x000000078d500000, 0x00000007c0000000)
  eden space 367616K, 0% used [0x000000076b600000,0x000000076b600000,0x0000000781d00000)
  from space 1536K, 100% used [0x000000078b280000,0x000000078b400000,0x000000078b400000)
  to   space 18944K, 0% used [0x000000078c280000,0x000000078c280000,0x000000078d500000)
 ParOldGen       total 203776K, used 59415K [0x00000006c2200000, 0x00000006ce900000, 0x000000076b600000)
  object space 203776K, 29% used [0x00000006c2200000,0x00000006c5c05c50,0x00000006ce900000)
 Metaspace       used 90823K, capacity 95004K, committed 95104K, reserved 1132544K
  class space    used 11619K, capacity 12339K, committed 12416K, reserved 1048576K
}
Event: 171369.496 GC heap before
{Heap before GC invocations=33 (full 3):
 PSYoungGen      total 369152K, used 369152K [0x000000076b600000, 0x000000078d500000, 0x00000007c0000000)
  eden space 367616K, 100% used [0x000000076b600000,0x0000000781d00000,0x0000000781d00000)
  from space 1536K, 100% used [0x000000078b280000,0x000000078b400000,0x000000078b400000)
  to   space 18944K, 0% used [0x000000078c280000,0x000000078c280000,0x000000078d500000)
 ParOldGen       total 203776K, used 59415K [0x00000006c2200000, 0x00000006ce900000, 0x000000076b600000)
  object space 203776K, 29% used [0x00000006c2200000,0x00000006c5c05c50,0x00000006ce900000)
 Metaspace       used 90848K, capacity 95010K, committed 95104K, reserved 1132544K
  class space    used 11623K, capacity 12340K, committed 12416K, reserved 1048576K
Event: 171369.506 GC heap after
Heap after GC invocations=33 (full 3):
 PSYoungGen      total 356864K, used 1472K [0x000000076b600000, 0x000000078c400000, 0x00000007c0000000)
  eden space 355328K, 0% used [0x000000076b600000,0x000000076b600000,0x0000000781100000)
  from space 1536K, 95% used [0x000000078c280000,0x000000078c3f0000,0x000000078c400000)
  to   space 19456K, 0% used [0x0000000789e00000,0x0000000789e00000,0x000000078b100000)
 ParOldGen       total 203776K, used 59679K [0x00000006c2200000, 0x00000006ce900000, 0x000000076b600000)
  object space 203776K, 29% used [0x00000006c2200000,0x00000006c5c47c50,0x00000006ce900000)
 Metaspace       used 90848K, capacity 95010K, committed 95104K, reserved 1132544K
  class space    used 11623K, capacity 12340K, committed 12416K, reserved 1048576K
}
Event: 172749.084 GC heap before
{Heap before GC invocations=34 (full 3):
 PSYoungGen      total 356864K, used 356800K [0x000000076b600000, 0x000000078c400000, 0x00000007c0000000)
  eden space 355328K, 100% used [0x000000076b600000,0x0000000781100000,0x0000000781100000)
  from space 1536K, 95% used [0x000000078c280000,0x000000078c3f0000,0x000000078c400000)
  to   space 19456K, 0% used [0x0000000789e00000,0x0000000789e00000,0x000000078b100000)
 ParOldGen       total 203776K, used 59679K [0x00000006c2200000, 0x00000006ce900000, 0x000000076b600000)
  object space 203776K, 29% used [0x00000006c2200000,0x00000006c5c47c50,0x00000006ce900000)
 Metaspace       used 90850K, capacity 95010K, committed 95104K, reserved 1132544K
  class space    used 11623K, capacity 12340K, committed 12416K, reserved 1048576K

Deoptimization events (10 events):
Event: 161529.181 Thread 0x0000000024be7000 Uncommon trap: reason=unstable_if action=reinterpret pc=0x00000000051967e4 method=org.LatencyUtils.SimplePauseDetector$SimplePauseDetectorThread.run()V @ 182
Event: 171333.727 Thread 0x0000000024bdc000 Uncommon trap: reason=unstable_if action=reinterpret pc=0x0000000005778cb8 method=org.hibernate.type.EntityType.getIdentifierType(Lorg/hibernate/engine/spi/Mapping;)Lorg/hibernate/type/Type; @ 6
Event: 171333.729 Thread 0x0000000024bdc000 Uncommon trap: reason=bimorphic action=maybe_recompile pc=0x000000000573a9d8 method=org.hibernate.type.AbstractStandardBasicType.getReturnedClass()Ljava/lang/Class; @ 4
Event: 171333.768 Thread 0x0000000024bdc000 Uncommon trap: reason=unstable_if action=reinterpret pc=0x0000000005706268 method=java.lang.Math.abs(J)J @ 3
Event: 171333.770 Thread 0x0000000024bdc000 Uncommon trap: reason=unloaded action=reinterpret pc=0x0000000005343224 method=org.hibernate.hql.internal.ast.SqlASTFactory.getASTNodeType(I)Ljava/lang/Class; @ 662
Event: 171333.776 Thread 0x0000000024bdc000 Uncommon trap: reason=bimorphic action=maybe_recompile pc=0x000000000573a9d8 method=org.hibernate.type.AbstractStandardBasicType.getReturnedClass()Ljava/lang/Class; @ 4
Event: 171333.777 Thread 0x0000000024bdc000 Uncommon trap: reason=bimorphic action=maybe_recompile pc=0x0000000003f2f59c method=org.h2.value.Value.convertTo(IILorg/h2/engine/Mode;Ljava/lang/Object;[Ljava/lang/String;)Lorg/h2/value/Value; @ 768
Event: 171333.777 Thread 0x0000000024bdc000 Uncommon trap: reason=bimorphic action=maybe_recompile pc=0x0000000003f2f59c method=org.h2.value.Value.convertTo(IILorg/h2/engine/Mode;Ljava/lang/Object;[Ljava/lang/String;)Lorg/h2/value/Value; @ 768
Event: 171333.777 Thread 0x0000000024bdc000 Uncommon trap: reason=bimorphic action=maybe_recompile pc=0x0000000003f2f59c method=org.h2.value.Value.convertTo(IILorg/h2/engine/Mode;Ljava/lang/Object;[Ljava/lang/String;)Lorg/h2/value/Value; @ 768
Event: 171333.777 Thread 0x0000000024bdc000 Uncommon trap: reason=bimorphic action=maybe_recompile pc=0x0000000003f2f59c method=org.h2.value.Value.convertTo(IILorg/h2/engine/Mode;Ljava/lang/Object;[Ljava/lang/String;)Lorg/h2/value/Value; @ 768

Classes redefined (0 events):
No events

Internal exceptions (10 events):
Event: 171333.730 Thread 0x0000000024bdc000 Exception <a 'java/io/IOException'> (0x000000078192ace8) thrown at [C:\re\workspace\8-2-build-windows-amd64-cygwin\jdk8u191\11896\hotspot\src\share\vm\prims\jni.cpp, line 709]
Event: 171333.764 Thread 0x0000000024bdc000 Exception <a 'java/io/IOException'> (0x000000078194efb8) thrown at [C:\re\workspace\8-2-build-windows-amd64-cygwin\jdk8u191\11896\hotspot\src\share\vm\prims\jni.cpp, line 709]
Event: 171333.764 Thread 0x0000000024bdc000 Exception <a 'java/io/IOException'> (0x000000078194f400) thrown at [C:\re\workspace\8-2-build-windows-amd64-cygwin\jdk8u191\11896\hotspot\src\share\vm\prims\jni.cpp, line 709]
Event: 171333.767 Thread 0x0000000024bdc000 Exception <a 'java/io/IOException'> (0x00000007819534e8) thrown at [C:\re\workspace\8-2-build-windows-amd64-cygwin\jdk8u191\11896\hotspot\src\share\vm\prims\jni.cpp, line 709]
Event: 171333.767 Thread 0x0000000024bdc000 Exception <a 'java/io/IOException'> (0x0000000781953930) thrown at [C:\re\workspace\8-2-build-windows-amd64-cygwin\jdk8u191\11896\hotspot\src\share\vm\prims\jni.cpp, line 709]
Event: 171333.776 Thread 0x0000000024bdc000 Exception <a 'java/io/IOException'> (0x000000078198e850) thrown at [C:\re\workspace\8-2-build-windows-amd64-cygwin\jdk8u191\11896\hotspot\src\share\vm\prims\jni.cpp, line 709]
Event: 171333.776 Thread 0x0000000024bdc000 Exception <a 'java/io/IOException'> (0x000000078198eeb0) thrown at [C:\re\workspace\8-2-build-windows-amd64-cygwin\jdk8u191\11896\hotspot\src\share\vm\prims\jni.cpp, line 709]
Event: 171333.776 Thread 0x0000000024bdc000 Exception <a 'java/io/IOException'> (0x000000078198f4e0) thrown at [C:\re\workspace\8-2-build-windows-amd64-cygwin\jdk8u191\11896\hotspot\src\share\vm\prims\jni.cpp, line 709]
Event: 171333.777 Thread 0x0000000024bdc000 Exception <a 'java/io/IOException'> (0x0000000781998510) thrown at [C:\re\workspace\8-2-build-windows-amd64-cygwin\jdk8u191\11896\hotspot\src\share\vm\prims\jni.cpp, line 709]
Event: 171333.777 Thread 0x0000000024bdc000 Exception <a 'java/io/IOException'> (0x0000000781998958) thrown at [C:\re\workspace\8-2-build-windows-amd64-cygwin\jdk8u191\11896\hotspot\src\share\vm\prims\jni.cpp, line 709]

Events (10 events):
Event: 172133.367 Thread 0x0000000021f86800 Thread added: 0x0000000021f86800
Event: 172133.367 Executing VM operation: RevokeBias
Event: 172133.368 Executing VM operation: RevokeBias done
Event: 172133.368 Executing VM operation: RevokeBias
Event: 172133.368 Executing VM operation: RevokeBias done
Event: 172138.370 Executing VM operation: RevokeBias
Event: 172138.370 Executing VM operation: RevokeBias done
Event: 172138.370 Thread 0x0000000021f7f000 Thread exited: 0x0000000021f7f000
Event: 172138.370 Thread 0x0000000021f86800 Thread exited: 0x0000000021f86800
Event: 172749.083 Executing VM operation: ParallelGCFailedAllocation


Dynamic libraries:
0x00007ff6ac280000 - 0x00007ff6ac2b7000 	C:\Program Files\Java\jdk1.8.0_191\jre\bin\java.exe
0x00007fff716a0000 - 0x00007fff71890000 	C:\WINDOWS\SYSTEM32\ntdll.dll
0x00007fff70680000 - 0x00007fff70732000 	C:\WINDOWS\System32\KERNEL32.DLL
0x00007fff6f350000 - 0x00007fff6f5f4000 	C:\WINDOWS\System32\KERNELBASE.dll
0x00007fff6f880000 - 0x00007fff6f923000 	C:\WINDOWS\System32\ADVAPI32.dll
0x00007fff6fa90000 - 0x00007fff6fb2e000 	C:\WINDOWS\System32\msvcrt.dll
0x00007fff701d0000 - 0x00007fff70267000 	C:\WINDOWS\System32\sechost.dll
0x00007fff6f760000 - 0x00007fff6f880000 	C:\WINDOWS\System32\RPCRT4.dll
0x00007fff6fb30000 - 0x00007fff6fcc4000 	C:\WINDOWS\System32\USER32.dll
0x00007fff6f000000 - 0x00007fff6f021000 	C:\WINDOWS\System32\win32u.dll
0x00007fff6fa60000 - 0x00007fff6fa86000 	C:\WINDOWS\System32\GDI32.dll
0x00007fff6f190000 - 0x00007fff6f326000 	C:\WINDOWS\System32\gdi32full.dll
0x00007fff6ef60000 - 0x00007fff6effe000 	C:\WINDOWS\System32\msvcp_win.dll
0x00007fff6f090000 - 0x00007fff6f18a000 	C:\WINDOWS\System32\ucrtbase.dll
0x00007fff5a380000 - 0x00007fff5a604000 	C:\WINDOWS\WinSxS\amd64_microsoft.windows.common-controls_6595b64144ccf1df_6.0.18362.959_none_e6c7bbbf130c62bb\COMCTL32.dll
0x00007fff70340000 - 0x00007fff70675000 	C:\WINDOWS\System32\combase.dll
0x00007fff6e620000 - 0x00007fff6e6a0000 	C:\WINDOWS\System32\bcryptPrimitives.dll
0x00007fff701a0000 - 0x00007fff701ce000 	C:\WINDOWS\System32\IMM32.DLL
0x00000000638d0000 - 0x00000000639a2000 	C:\Program Files\Java\jdk1.8.0_191\jre\bin\msvcr100.dll
0x0000000063020000 - 0x00000000638c4000 	C:\Program Files\Java\jdk1.8.0_191\jre\bin\server\jvm.dll
0x00007fff71370000 - 0x00007fff71378000 	C:\WINDOWS\System32\PSAPI.DLL
0x00007fff64bc0000 - 0x00007fff64be4000 	C:\WINDOWS\SYSTEM32\WINMM.dll
0x00007fff59ab0000 - 0x00007fff59ab9000 	C:\WINDOWS\SYSTEM32\WSOCK32.dll
0x00007fff620d0000 - 0x00007fff620da000 	C:\WINDOWS\SYSTEM32\VERSION.dll
0x00007fff71380000 - 0x00007fff713ef000 	C:\WINDOWS\System32\WS2_32.dll
0x00007fff64ac0000 - 0x00007fff64aed000 	C:\WINDOWS\SYSTEM32\WINMMBASE.dll
0x00007fff6e6a0000 - 0x00007fff6e6ea000 	C:\WINDOWS\System32\cfgmgr32.dll
0x00000000649d0000 - 0x00000000649df000 	C:\Program Files\Java\jdk1.8.0_191\jre\bin\verify.dll
0x0000000062ff0000 - 0x0000000063019000 	C:\Program Files\Java\jdk1.8.0_191\jre\bin\java.dll
0x0000000062fd0000 - 0x0000000062fe6000 	C:\Program Files\Java\jdk1.8.0_191\jre\bin\zip.dll
0x00007fff708f0000 - 0x00007fff70fd6000 	C:\WINDOWS\System32\SHELL32.dll
0x00007fff71050000 - 0x00007fff710f9000 	C:\WINDOWS\System32\shcore.dll
0x00007fff6e720000 - 0x00007fff6eea2000 	C:\WINDOWS\System32\windows.storage.dll
0x00007fff6e580000 - 0x00007fff6e5a3000 	C:\WINDOWS\System32\profapi.dll
0x00007fff6e5b0000 - 0x00007fff6e5fa000 	C:\WINDOWS\System32\powrprof.dll
0x00007fff6e550000 - 0x00007fff6e560000 	C:\WINDOWS\System32\UMPDC.dll
0x00007fff6fcd0000 - 0x00007fff6fd22000 	C:\WINDOWS\System32\shlwapi.dll
0x00007fff6e560000 - 0x00007fff6e571000 	C:\WINDOWS\System32\kernel.appcore.dll
0x00007fff6f330000 - 0x00007fff6f347000 	C:\WINDOWS\System32\cryptsp.dll
0x00000000649c0000 - 0x00000000649cd000 	C:\Program Files\Java\jdk1.8.0_191\jre\bin\management.dll
0x0000000062fb0000 - 0x0000000062fca000 	C:\Program Files\Java\jdk1.8.0_191\jre\bin\net.dll
0x00007fff6dd70000 - 0x00007fff6ddd7000 	C:\WINDOWS\system32\mswsock.dll
0x00007fff4d290000 - 0x00007fff4d2a6000 	C:\WINDOWS\system32\napinsp.dll
0x00007fff4d270000 - 0x00007fff4d28a000 	C:\WINDOWS\system32\pnrpnsp.dll
0x00007fff6dad0000 - 0x00007fff6db9b000 	C:\WINDOWS\SYSTEM32\DNSAPI.dll
0x00007fff6f750000 - 0x00007fff6f758000 	C:\WINDOWS\System32\NSI.dll
0x00007fff6da90000 - 0x00007fff6daca000 	C:\WINDOWS\SYSTEM32\IPHLPAPI.DLL
0x00007fff4d260000 - 0x00007fff4d26e000 	C:\WINDOWS\System32\winrnr.dll
0x00007fff67ed0000 - 0x00007fff67eec000 	C:\WINDOWS\system32\NLAapi.dll
0x00007fff66910000 - 0x00007fff66925000 	C:\WINDOWS\system32\wshbth.dll
0x00007fff62210000 - 0x00007fff6221a000 	C:\Windows\System32\rasadhlp.dll
0x00007fff66250000 - 0x00007fff662c7000 	C:\WINDOWS\System32\fwpuclnt.dll
0x00007fff6e6f0000 - 0x00007fff6e716000 	C:\WINDOWS\System32\bcrypt.dll
0x0000000062f90000 - 0x0000000062fa1000 	C:\Program Files\Java\jdk1.8.0_191\jre\bin\nio.dll
0x00007fff6d8f0000 - 0x00007fff6d923000 	C:\WINDOWS\system32\rsaenh.dll
0x00007fff6e440000 - 0x00007fff6e465000 	C:\WINDOWS\SYSTEM32\USERENV.dll
0x00007fff6def0000 - 0x00007fff6defc000 	C:\WINDOWS\SYSTEM32\CRYPTBASE.dll
0x00007fff65c40000 - 0x00007fff65c56000 	C:\WINDOWS\SYSTEM32\dhcpcsvc6.DLL
0x00007fff65b30000 - 0x00007fff65b4c000 	C:\WINDOWS\SYSTEM32\dhcpcsvc.DLL
0x00007fff6ce20000 - 0x00007fff6d014000 	C:\WINDOWS\SYSTEM32\dbghelp.dll

VM Arguments:
java_command: hr.tvz.TimeSchedulerApp
java_class_path (initial): C:\Projects_private\TimeSchedulerApp\target\classes;C:\Users\kroncevic\.m2\repository\io\github\jhipster\jhipster-framework\2.0.14\jhipster-framework-2.0.14.jar;C:\Users\kroncevic\.m2\repository\org\springframework\spring-context-support\5.0.7.RELEASE\spring-context-support-5.0.7.RELEASE.jar;C:\Users\kroncevic\.m2\repository\org\springframework\boot\spring-boot-actuator-autoconfigure\2.0.3.RELEASE\spring-boot-actuator-autoconfigure-2.0.3.RELEASE.jar;C:\Users\kroncevic\.m2\repository\org\springframework\boot\spring-boot-actuator\2.0.3.RELEASE\spring-boot-actuator-2.0.3.RELEASE.jar;C:\Users\kroncevic\.m2\repository\org\springframework\boot\spring-boot-autoconfigure\2.0.3.RELEASE\spring-boot-autoconfigure-2.0.3.RELEASE.jar;C:\Users\kroncevic\.m2\repository\io\dropwizard\metrics\metrics-core\3.2.6\metrics-core-3.2.6.jar;C:\Users\kroncevic\.m2\repository\org\slf4j\slf4j-api\1.7.25\slf4j-api-1.7.25.jar;C:\Users\kroncevic\.m2\repository\io\dropwizard\metrics\metrics-annotation\3.2.6\metrics-annotation-3.2.6.jar;C:\Users\kroncevic\.m2\repository\io\dropwizard\metrics\metrics-json\3.2.6\metrics-json-3.2.6.jar;C:\Users\kroncevic\.m2\repository\com\fasterxml\jackson\core\jackson-databind\2.9.6\jackson-databind-2.9.6.jar;C:\Users\kroncevic\.m2\repository\io\dropwizard\metrics\metrics-jvm\3.2.6\metrics-jvm-3.2.6.jar;C:\Users\kroncevic\.m2\repository\io\dropwizard\metrics\metrics-servlet\3.2.6\metrics-servlet-3.2.6.jar;C:\Users\kroncevic\.m2\repository\io\dropwizard\metrics\metrics-servlets\3.2.6\metrics-servlets-3.2.6.jar;C:\Users\kroncevic\.m2\repository\io\dropwizard\metrics\metrics-healthchecks\3.2.6\metrics-healthchecks-3.2.6.jar;C:\Users\kroncevic\.m2\repository\com\papertrail\profiler\1.0.2\profiler-1.0.2.jar;C:\Users\kroncevic\.m2\repository\joda-time\joda-time\2.9.9\joda-time-2.9.9.jar;C:\Users\kroncevic\.m2\repository\com\fasterxml\jackson\datatype\jackson-datatype-hibernate5\2.9.6\jackson-datatype-hibernate5-2.9.6.jar;C:\Users\kroncevic\.m2
Launcher Type: SUN_STANDARD

Environment Variables:
PATH=C:/Program Files/Java/jre1.8.0_191/bin/server;C:/Program Files/Java/jre1.8.0_191/bin;C:/Program Files/Java/jre1.8.0_191/lib/amd64;C:\Program Files\Java\jdk1.8.0_191\bin;C:\Users\kroncevic\AppData\Local\Programs\Python\Python37;C:\WINDOWS\system32;C:\WINDOWS;C:\WINDOWS\System32\Wbem;C:\WINDOWS\System32\WindowsPowerShell\v1.0\;C:\WINDOWS\System32\OpenSSH\;C:\Program Files\nodejs\;C:\Program Files (x86)\Yarn\bin\;C:\Program Files\Intel\WiFi\bin\;C:\Program Files\Common Files\Intel\WirelessCommon\;C:\Malware\tcbase-revisited\;C:\Projects\C1000\cm-testing\venv\Lib\site-packages\chromedriver_binary\;C:\Users\kroncevic\AppData\Local\atom\bin;C:\Users\kroncevic\AppData\Local\Programs\Python\Python37\Scripts;;C:\Users\kroncevic\AppData\Local\Microsoft\WindowsApps;C:\Users\kroncevic\AppData\Roaming\npm;C:\Users\kroncevic\AppData\Local\Yarn\bin;C:\Program Files\JetBrains\IntelliJ IDEA Community Edition 2019.3.1\bin;;C:\Projects_private\eclipse;
USERNAME=kroncevic
OS=Windows_NT
PROCESSOR_IDENTIFIER=Intel64 Family 6 Model 142 Stepping 10, GenuineIntel



---------------  S Y S T E M  ---------------

OS: Windows 10.0 , 64 bit Build 18362 (10.0.18362.959)

CPU:total 8 (initial active 8) (4 cores per cpu, 2 threads per core) family 6 model 142 stepping 10, cmov, cx8, fxsr, mmx, sse, sse2, sse3, ssse3, sse4.1, sse4.2, popcnt, avx, avx2, aes, clmul, erms, rtm, 3dnowpref, lzcnt, ht, tsc, tscinvbit, bmi1, bmi2, adx

Memory: 4k page, physical 16630724k(7761724k free), swap 19121092k(6240068k free)

vm_info: Java HotSpot(TM) 64-Bit Server VM (25.191-b12) for windows-amd64 JRE (1.8.0_191-b12), built on Oct  6 2018 09:29:03 by "java_re" with MS VC++ 10.0 (VS2010)

time: Mon Jul 27 14:59:33 2020
elapsed time: 172749 seconds (1d 23h 59m 9s)

